<?xml version="1.0" encoding="UTF-8"?>
<testng-results ignored="0" total="1" passed="1" failed="0" skipped="0">
  <reporter-output>
  </reporter-output>
  <suite started-at="2021-10-30T19:36:54 IST" name="Default suite" finished-at="2021-10-30T19:36:57 IST" duration-ms="3661">
    <groups>
    </groups>
    <test started-at="2021-10-30T19:36:54 IST" name="Default test" finished-at="2021-10-30T19:36:57 IST" duration-ms="3661">
      <class name="framework.Createtheproject">
        <test-method is-config="true" signature="dbConfig()[pri:0, instance:framework.Createtheproject@537f60bf]" started-at="2021-10-30T19:36:52 IST" name="dbConfig" finished-at="2021-10-30T19:36:54 IST" duration-ms="1351" status="PASS">
          <reporter-output>
          </reporter-output>
        </test-method> <!-- dbConfig -->
        <test-method signature="createAProject()[pri:0, instance:framework.Createtheproject@537f60bf]" started-at="2021-10-30T19:36:54 IST" name="createAProject" finished-at="2021-10-30T19:36:57 IST" duration-ms="3608" status="PASS">
          <reporter-output>
          </reporter-output>
        </test-method> <!-- createAProject -->
        <test-method is-config="true" signature="dbClose()[pri:0, instance:framework.Createtheproject@537f60bf]" started-at="2021-10-30T19:36:57 IST" name="dbClose" finished-at="2021-10-30T19:36:57 IST" duration-ms="11" status="PASS">
          <reporter-output>
          </reporter-output>
        </test-method> <!-- dbClose -->
      </class> <!-- framework.Createtheproject -->
    </test> <!-- Default test -->
  </suite> <!-- Default suite -->
</testng-results>
